<?xml version="1.0" encoding="UTF-8"?>
<!-- Generated by org.testng.reporters.JUnitReportReporter -->
<testsuite hostname="LAPTOP-J0OCRG38" failures="0" tests="2" name="com.zensar.runner.InitializeExecution" time="0.001" errors="0" timestamp="2024-04-02T16:09:50 IST" skipped="0">
  <testcase classname="com.zensar.runner.InitializeExecution" name="stub" time="0.000"/>
  <testcase classname="com.zensar.runner.InitializeExecution" name="stub" time="0.001"/>
</testsuite> <!-- com.zensar.runner.InitializeExecution -->
